{"/home/ghofrandayyat/code-401/basic-api-server/src/server.js": {"path":"/home/ghofrandayyat/code-401/basic-api-server/src/server.js","statementMap":{"0":{"start":{"line":2,"column":0},"end":{"line":2,"column":27}},"1":{"start":{"line":4,"column":21},"end":{"line":4,"column":55}},"2":{"start":{"line":5,"column":28},"end":{"line":5,"column":62}},"3":{"start":{"line":6,"column":19},"end":{"line":6,"column":46}},"4":{"start":{"line":10,"column":14},"end":{"line":10,"column":32}},"5":{"start":{"line":11,"column":12},"end":{"line":11,"column":21}},"6":{"start":{"line":12,"column":0},"end":{"line":12,"column":24}},"7":{"start":{"line":13,"column":0},"end":{"line":13,"column":20}},"8":{"start":{"line":21,"column":0},"end":{"line":21,"column":33}},"9":{"start":{"line":22,"column":0},"end":{"line":22,"column":22}},"10":{"start":{"line":27,"column":2},"end":{"line":27,"column":62}},"11":{"start":{"line":27,"column":22},"end":{"line":27,"column":60}},"12":{"start":{"line":32,"column":0},"end":{"line":35,"column":2}}},"fnMap":{"0":{"name":"start","decl":{"start":{"line":25,"column":9},"end":{"line":25,"column":14}},"loc":{"start":{"line":25,"column":20},"end":{"line":28,"column":1}},"line":25},"1":{"name":"(anonymous_1)","decl":{"start":{"line":27,"column":18},"end":{"line":27,"column":19}},"loc":{"start":{"line":27,"column":22},"end":{"line":27,"column":60}},"line":27}},"branchMap":{},"s":{"0":2,"1":2,"2":2,"3":2,"4":2,"5":2,"6":2,"7":2,"8":2,"9":2,"10":0,"11":0,"12":2},"f":{"0":0,"1":0},"b":{},"_coverageSchema":"1a1c01bbd47fc00a2c39e90264f33305004495a9","hash":"bad347b1a7d818f3183e82fce788037c5a3385ee"}
,"/home/ghofrandayyat/code-401/basic-api-server/src/error-handlers/404.js": {"path":"/home/ghofrandayyat/code-401/basic-api-server/src/error-handlers/404.js","statementMap":{"0":{"start":{"line":3,"column":2},"end":{"line":6,"column":5}},"1":{"start":{"line":8,"column":0},"end":{"line":8,"column":35}}},"fnMap":{"0":{"name":"notFounErrorHandler","decl":{"start":{"line":2,"column":9},"end":{"line":2,"column":28}},"loc":{"start":{"line":2,"column":42},"end":{"line":7,"column":1}},"line":2}},"branchMap":{},"s":{"0":2,"1":2},"f":{"0":2},"b":{},"_coverageSchema":"1a1c01bbd47fc00a2c39e90264f33305004495a9","hash":"0e47c5c82361011e88e5c8f2d21bd6f6d269c7a0"}
,"/home/ghofrandayyat/code-401/basic-api-server/src/error-handlers/500.js": {"path":"/home/ghofrandayyat/code-401/basic-api-server/src/error-handlers/500.js","statementMap":{"0":{"start":{"line":5,"column":2},"end":{"line":10,"column":5}},"1":{"start":{"line":12,"column":0},"end":{"line":12,"column":28}}},"fnMap":{"0":{"name":"errorHandler","decl":{"start":{"line":4,"column":9},"end":{"line":4,"column":21}},"loc":{"start":{"line":4,"column":41},"end":{"line":11,"column":1}},"line":4}},"branchMap":{},"s":{"0":0,"1":2},"f":{"0":0},"b":{},"_coverageSchema":"1a1c01bbd47fc00a2c39e90264f33305004495a9","hash":"9e78d22556af1f6e9bfab68140d2ed37c900c424"}
,"/home/ghofrandayyat/code-401/basic-api-server/src/middleware/logger.js": {"path":"/home/ghofrandayyat/code-401/basic-api-server/src/middleware/logger.js","statementMap":{"0":{"start":{"line":3,"column":0},"end":{"line":6,"column":2}},"1":{"start":{"line":4,"column":2},"end":{"line":4,"column":56}},"2":{"start":{"line":5,"column":2},"end":{"line":5,"column":9}}},"fnMap":{"0":{"name":"(anonymous_0)","decl":{"start":{"line":3,"column":15},"end":{"line":3,"column":16}},"loc":{"start":{"line":3,"column":31},"end":{"line":6,"column":1}},"line":3}},"branchMap":{},"s":{"0":2,"1":6,"2":6},"f":{"0":6},"b":{},"_coverageSchema":"1a1c01bbd47fc00a2c39e90264f33305004495a9","hash":"379cd3f304f6e05f159060537c749e308fa66caf"}
,"/home/ghofrandayyat/code-401/basic-api-server/src/middleware/validator.js": {"path":"/home/ghofrandayyat/code-401/basic-api-server/src/middleware/validator.js","statementMap":{},"fnMap":{},"branchMap":{},"s":{},"f":{},"b":{},"_coverageSchema":"1a1c01bbd47fc00a2c39e90264f33305004495a9","hash":"ec9ad664d14ca60d2ac1bf7a00a5a28af3e63ef3"}
,"/home/ghofrandayyat/code-401/basic-api-server/src/models/food.js": {"path":"/home/ghofrandayyat/code-401/basic-api-server/src/models/food.js","statementMap":{"0":{"start":{"line":5,"column":4},"end":{"line":5,"column":14}},"1":{"start":{"line":6,"column":4},"end":{"line":6,"column":19}},"2":{"start":{"line":9,"column":4},"end":{"line":13,"column":5}},"3":{"start":{"line":10,"column":6},"end":{"line":10,"column":55}},"4":{"start":{"line":10,"column":39},"end":{"line":10,"column":53}},"5":{"start":{"line":12,"column":6},"end":{"line":12,"column":25}},"6":{"start":{"line":19,"column":17},"end":{"line":22,"column":5}},"7":{"start":{"line":23,"column":4},"end":{"line":23,"column":30}},"8":{"start":{"line":24,"column":4},"end":{"line":24,"column":19}},"9":{"start":{"line":30,"column":4},"end":{"line":36,"column":5}},"10":{"start":{"line":30,"column":17},"end":{"line":30,"column":18}},"11":{"start":{"line":31,"column":6},"end":{"line":34,"column":7}},"12":{"start":{"line":32,"column":8},"end":{"line":32,"column":35}},"13":{"start":{"line":33,"column":8},"end":{"line":33,"column":30}},"14":{"start":{"line":40,"column":20},"end":{"line":40,"column":25}},"15":{"start":{"line":41,"column":4},"end":{"line":48,"column":7}},"16":{"start":{"line":42,"column":6},"end":{"line":47,"column":7}},"17":{"start":{"line":43,"column":8},"end":{"line":43,"column":20}},"18":{"start":{"line":45,"column":8},"end":{"line":45,"column":25}},"19":{"start":{"line":46,"column":8},"end":{"line":46,"column":21}},"20":{"start":{"line":49,"column":4},"end":{"line":49,"column":23}},"21":{"start":{"line":54,"column":0},"end":{"line":54,"column":20}}},"fnMap":{"0":{"name":"(anonymous_0)","decl":{"start":{"line":4,"column":2},"end":{"line":4,"column":3}},"loc":{"start":{"line":4,"column":15},"end":{"line":7,"column":3}},"line":4},"1":{"name":"(anonymous_1)","decl":{"start":{"line":8,"column":2},"end":{"line":8,"column":3}},"loc":{"start":{"line":8,"column":9},"end":{"line":14,"column":3}},"line":8},"2":{"name":"(anonymous_2)","decl":{"start":{"line":10,"column":30},"end":{"line":10,"column":31}},"loc":{"start":{"line":10,"column":39},"end":{"line":10,"column":53}},"line":10},"3":{"name":"(anonymous_3)","decl":{"start":{"line":18,"column":2},"end":{"line":18,"column":3}},"loc":{"start":{"line":18,"column":13},"end":{"line":25,"column":3}},"line":18},"4":{"name":"(anonymous_4)","decl":{"start":{"line":29,"column":2},"end":{"line":29,"column":3}},"loc":{"start":{"line":29,"column":16},"end":{"line":37,"column":3}},"line":29},"5":{"name":"(anonymous_5)","decl":{"start":{"line":39,"column":2},"end":{"line":39,"column":3}},"loc":{"start":{"line":39,"column":13},"end":{"line":50,"column":3}},"line":39},"6":{"name":"(anonymous_6)","decl":{"start":{"line":41,"column":35},"end":{"line":41,"column":36}},"loc":{"start":{"line":41,"column":42},"end":{"line":48,"column":5}},"line":41}},"branchMap":{"0":{"loc":{"start":{"line":9,"column":4},"end":{"line":13,"column":5}},"type":"if","locations":[{"start":{"line":9,"column":4},"end":{"line":13,"column":5}},{"start":{"line":9,"column":4},"end":{"line":13,"column":5}}],"line":9},"1":{"loc":{"start":{"line":31,"column":6},"end":{"line":34,"column":7}},"type":"if","locations":[{"start":{"line":31,"column":6},"end":{"line":34,"column":7}},{"start":{"line":31,"column":6},"end":{"line":34,"column":7}}],"line":31},"2":{"loc":{"start":{"line":42,"column":6},"end":{"line":47,"column":7}},"type":"if","locations":[{"start":{"line":42,"column":6},"end":{"line":47,"column":7}},{"start":{"line":42,"column":6},"end":{"line":47,"column":7}}],"line":42}},"s":{"0":2,"1":2,"2":1,"3":0,"4":0,"5":1,"6":1,"7":1,"8":1,"9":1,"10":1,"11":1,"12":0,"13":0,"14":0,"15":0,"16":0,"17":0,"18":0,"19":0,"20":0,"21":2},"f":{"0":2,"1":1,"2":0,"3":1,"4":1,"5":0,"6":0},"b":{"0":[0,1],"1":[0,1],"2":[0,0]},"_coverageSchema":"1a1c01bbd47fc00a2c39e90264f33305004495a9","hash":"94f8d9128b0a238b614ace3ef2312dd7a49f04c0"}
,"/home/ghofrandayyat/code-401/basic-api-server/src/routes/food.js": {"path":"/home/ghofrandayyat/code-401/basic-api-server/src/routes/food.js","statementMap":{"0":{"start":{"line":2,"column":14},"end":{"line":2,"column":32}},"1":{"start":{"line":4,"column":15},"end":{"line":4,"column":31}},"2":{"start":{"line":6,"column":15},"end":{"line":6,"column":49}},"3":{"start":{"line":7,"column":16},"end":{"line":7,"column":53}},"4":{"start":{"line":10,"column":0},"end":{"line":10,"column":19}},"5":{"start":{"line":13,"column":11},"end":{"line":13,"column":36}},"6":{"start":{"line":14,"column":16},"end":{"line":14,"column":24}},"7":{"start":{"line":18,"column":0},"end":{"line":18,"column":28}},"8":{"start":{"line":19,"column":0},"end":{"line":19,"column":35}},"9":{"start":{"line":20,"column":0},"end":{"line":20,"column":31}},"10":{"start":{"line":21,"column":0},"end":{"line":21,"column":34}},"11":{"start":{"line":22,"column":0},"end":{"line":22,"column":37}},"12":{"start":{"line":26,"column":12},"end":{"line":26,"column":26}},"13":{"start":{"line":27,"column":2},"end":{"line":27,"column":29}},"14":{"start":{"line":33,"column":11},"end":{"line":33,"column":24}},"15":{"start":{"line":34,"column":16},"end":{"line":34,"column":32}},"16":{"start":{"line":35,"column":2},"end":{"line":35,"column":32}},"17":{"start":{"line":40,"column":12},"end":{"line":40,"column":20}},"18":{"start":{"line":41,"column":16},"end":{"line":41,"column":36}},"19":{"start":{"line":42,"column":2},"end":{"line":42,"column":32}},"20":{"start":{"line":47,"column":11},"end":{"line":47,"column":36}},"21":{"start":{"line":48,"column":14},"end":{"line":48,"column":22}},"22":{"start":{"line":49,"column":18},"end":{"line":49,"column":41}},"23":{"start":{"line":50,"column":2},"end":{"line":50,"column":34}},"24":{"start":{"line":55,"column":11},"end":{"line":55,"column":36}},"25":{"start":{"line":56,"column":20},"end":{"line":56,"column":39}},"26":{"start":{"line":57,"column":11},"end":{"line":57,"column":71}},"27":{"start":{"line":59,"column":2},"end":{"line":62,"column":5}},"28":{"start":{"line":67,"column":0},"end":{"line":67,"column":24}}},"fnMap":{"0":{"name":"getFood","decl":{"start":{"line":24,"column":9},"end":{"line":24,"column":16}},"loc":{"start":{"line":24,"column":25},"end":{"line":28,"column":1}},"line":24},"1":{"name":"getOneMeal","decl":{"start":{"line":31,"column":9},"end":{"line":31,"column":19}},"loc":{"start":{"line":31,"column":28},"end":{"line":36,"column":1}},"line":31},"2":{"name":"creatMeal","decl":{"start":{"line":39,"column":9},"end":{"line":39,"column":18}},"loc":{"start":{"line":39,"column":27},"end":{"line":43,"column":1}},"line":39},"3":{"name":"updatFood","decl":{"start":{"line":46,"column":9},"end":{"line":46,"column":18}},"loc":{"start":{"line":46,"column":27},"end":{"line":52,"column":1}},"line":46},"4":{"name":"deletFood","decl":{"start":{"line":54,"column":9},"end":{"line":54,"column":18}},"loc":{"start":{"line":54,"column":27},"end":{"line":64,"column":1}},"line":54}},"branchMap":{"0":{"loc":{"start":{"line":57,"column":11},"end":{"line":57,"column":71}},"type":"cond-expr","locations":[{"start":{"line":57,"column":23},"end":{"line":57,"column":41}},{"start":{"line":57,"column":42},"end":{"line":57,"column":71}}],"line":57}},"s":{"0":2,"1":2,"2":2,"3":2,"4":2,"5":2,"6":2,"7":2,"8":2,"9":2,"10":2,"11":2,"12":1,"13":1,"14":0,"15":0,"16":0,"17":1,"18":1,"19":1,"20":1,"21":1,"22":1,"23":1,"24":0,"25":0,"26":0,"27":0,"28":2},"f":{"0":1,"1":0,"2":1,"3":1,"4":0},"b":{"0":[0,0]},"_coverageSchema":"1a1c01bbd47fc00a2c39e90264f33305004495a9","hash":"788e123805cd67b570bfa860ddaf3eba1046a818"}
}
