{"/home/ghofrandayyat/code-401/basic-api-server/src/server.js": {"path":"/home/ghofrandayyat/code-401/basic-api-server/src/server.js","statementMap":{"0":{"start":{"line":2,"column":0},"end":{"line":2,"column":27}},"1":{"start":{"line":4,"column":21},"end":{"line":4,"column":55}},"2":{"start":{"line":5,"column":28},"end":{"line":5,"column":62}},"3":{"start":{"line":7,"column":16},"end":{"line":7,"column":43}},"4":{"start":{"line":8,"column":15},"end":{"line":8,"column":29}},"5":{"start":{"line":9,"column":17},"end":{"line":9,"column":41}},"6":{"start":{"line":12,"column":14},"end":{"line":12,"column":32}},"7":{"start":{"line":13,"column":12},"end":{"line":13,"column":21}},"8":{"start":{"line":14,"column":0},"end":{"line":14,"column":24}},"9":{"start":{"line":19,"column":0},"end":{"line":19,"column":18}},"10":{"start":{"line":20,"column":0},"end":{"line":20,"column":24}},"11":{"start":{"line":21,"column":0},"end":{"line":21,"column":27}},"12":{"start":{"line":26,"column":0},"end":{"line":26,"column":33}},"13":{"start":{"line":27,"column":0},"end":{"line":27,"column":22}},"14":{"start":{"line":32,"column":2},"end":{"line":32,"column":62}},"15":{"start":{"line":32,"column":22},"end":{"line":32,"column":60}},"16":{"start":{"line":37,"column":0},"end":{"line":40,"column":2}}},"fnMap":{"0":{"name":"start","decl":{"start":{"line":30,"column":9},"end":{"line":30,"column":14}},"loc":{"start":{"line":30,"column":20},"end":{"line":33,"column":1}},"line":30},"1":{"name":"(anonymous_1)","decl":{"start":{"line":32,"column":18},"end":{"line":32,"column":19}},"loc":{"start":{"line":32,"column":22},"end":{"line":32,"column":60}},"line":32}},"branchMap":{},"s":{"0":1,"1":1,"2":1,"3":1,"4":1,"5":1,"6":1,"7":1,"8":1,"9":1,"10":1,"11":1,"12":1,"13":1,"14":0,"15":0,"16":1},"f":{"0":0,"1":0},"b":{},"_coverageSchema":"1a1c01bbd47fc00a2c39e90264f33305004495a9","hash":"a8e636f24586bb11536a402c1afb8fd24ff36406"}
,"/home/ghofrandayyat/code-401/basic-api-server/src/error-handlers/404.js": {"path":"/home/ghofrandayyat/code-401/basic-api-server/src/error-handlers/404.js","statementMap":{"0":{"start":{"line":3,"column":2},"end":{"line":6,"column":5}},"1":{"start":{"line":8,"column":0},"end":{"line":8,"column":35}}},"fnMap":{"0":{"name":"notFounErrorHandler","decl":{"start":{"line":2,"column":9},"end":{"line":2,"column":28}},"loc":{"start":{"line":2,"column":42},"end":{"line":7,"column":1}},"line":2}},"branchMap":{},"s":{"0":0,"1":1},"f":{"0":0},"b":{},"_coverageSchema":"1a1c01bbd47fc00a2c39e90264f33305004495a9","hash":"0e47c5c82361011e88e5c8f2d21bd6f6d269c7a0"}
,"/home/ghofrandayyat/code-401/basic-api-server/src/error-handlers/500.js": {"path":"/home/ghofrandayyat/code-401/basic-api-server/src/error-handlers/500.js","statementMap":{"0":{"start":{"line":5,"column":2},"end":{"line":10,"column":5}},"1":{"start":{"line":12,"column":0},"end":{"line":12,"column":28}}},"fnMap":{"0":{"name":"errorHandler","decl":{"start":{"line":4,"column":9},"end":{"line":4,"column":21}},"loc":{"start":{"line":4,"column":41},"end":{"line":11,"column":1}},"line":4}},"branchMap":{},"s":{"0":0,"1":1},"f":{"0":0},"b":{},"_coverageSchema":"1a1c01bbd47fc00a2c39e90264f33305004495a9","hash":"9e78d22556af1f6e9bfab68140d2ed37c900c424"}
,"/home/ghofrandayyat/code-401/basic-api-server/src/middleware/logger.js": {"path":"/home/ghofrandayyat/code-401/basic-api-server/src/middleware/logger.js","statementMap":{"0":{"start":{"line":3,"column":0},"end":{"line":6,"column":2}},"1":{"start":{"line":4,"column":2},"end":{"line":4,"column":56}},"2":{"start":{"line":5,"column":2},"end":{"line":5,"column":9}}},"fnMap":{"0":{"name":"(anonymous_0)","decl":{"start":{"line":3,"column":15},"end":{"line":3,"column":16}},"loc":{"start":{"line":3,"column":31},"end":{"line":6,"column":1}},"line":3}},"branchMap":{},"s":{"0":1,"1":14,"2":14},"f":{"0":14},"b":{},"_coverageSchema":"1a1c01bbd47fc00a2c39e90264f33305004495a9","hash":"379cd3f304f6e05f159060537c749e308fa66caf"}
,"/home/ghofrandayyat/code-401/basic-api-server/src/models/food.js": {"path":"/home/ghofrandayyat/code-401/basic-api-server/src/models/food.js","statementMap":{"0":{"start":{"line":5,"column":4},"end":{"line":5,"column":14}},"1":{"start":{"line":6,"column":4},"end":{"line":6,"column":19}},"2":{"start":{"line":9,"column":4},"end":{"line":14,"column":5}},"3":{"start":{"line":11,"column":6},"end":{"line":11,"column":55}},"4":{"start":{"line":11,"column":39},"end":{"line":11,"column":53}},"5":{"start":{"line":13,"column":6},"end":{"line":13,"column":25}},"6":{"start":{"line":20,"column":17},"end":{"line":23,"column":5}},"7":{"start":{"line":24,"column":4},"end":{"line":24,"column":30}},"8":{"start":{"line":25,"column":4},"end":{"line":25,"column":19}},"9":{"start":{"line":31,"column":4},"end":{"line":37,"column":5}},"10":{"start":{"line":31,"column":17},"end":{"line":31,"column":18}},"11":{"start":{"line":32,"column":6},"end":{"line":35,"column":7}},"12":{"start":{"line":33,"column":8},"end":{"line":33,"column":35}},"13":{"start":{"line":34,"column":8},"end":{"line":34,"column":30}},"14":{"start":{"line":41,"column":20},"end":{"line":41,"column":25}},"15":{"start":{"line":42,"column":4},"end":{"line":49,"column":7}},"16":{"start":{"line":43,"column":6},"end":{"line":48,"column":7}},"17":{"start":{"line":44,"column":8},"end":{"line":44,"column":20}},"18":{"start":{"line":46,"column":8},"end":{"line":46,"column":25}},"19":{"start":{"line":47,"column":8},"end":{"line":47,"column":21}},"20":{"start":{"line":50,"column":4},"end":{"line":50,"column":23}},"21":{"start":{"line":57,"column":0},"end":{"line":60,"column":2}}},"fnMap":{"0":{"name":"(anonymous_0)","decl":{"start":{"line":4,"column":2},"end":{"line":4,"column":3}},"loc":{"start":{"line":4,"column":15},"end":{"line":7,"column":3}},"line":4},"1":{"name":"(anonymous_1)","decl":{"start":{"line":8,"column":2},"end":{"line":8,"column":3}},"loc":{"start":{"line":8,"column":9},"end":{"line":15,"column":3}},"line":8},"2":{"name":"(anonymous_2)","decl":{"start":{"line":11,"column":30},"end":{"line":11,"column":31}},"loc":{"start":{"line":11,"column":39},"end":{"line":11,"column":53}},"line":11},"3":{"name":"(anonymous_3)","decl":{"start":{"line":19,"column":2},"end":{"line":19,"column":3}},"loc":{"start":{"line":19,"column":13},"end":{"line":26,"column":3}},"line":19},"4":{"name":"(anonymous_4)","decl":{"start":{"line":30,"column":2},"end":{"line":30,"column":3}},"loc":{"start":{"line":30,"column":16},"end":{"line":38,"column":3}},"line":30},"5":{"name":"(anonymous_5)","decl":{"start":{"line":40,"column":2},"end":{"line":40,"column":3}},"loc":{"start":{"line":40,"column":13},"end":{"line":51,"column":3}},"line":40},"6":{"name":"(anonymous_6)","decl":{"start":{"line":42,"column":35},"end":{"line":42,"column":36}},"loc":{"start":{"line":42,"column":42},"end":{"line":49,"column":5}},"line":42}},"branchMap":{"0":{"loc":{"start":{"line":9,"column":4},"end":{"line":14,"column":5}},"type":"if","locations":[{"start":{"line":9,"column":4},"end":{"line":14,"column":5}},{"start":{"line":9,"column":4},"end":{"line":14,"column":5}}],"line":9},"1":{"loc":{"start":{"line":32,"column":6},"end":{"line":35,"column":7}},"type":"if","locations":[{"start":{"line":32,"column":6},"end":{"line":35,"column":7}},{"start":{"line":32,"column":6},"end":{"line":35,"column":7}}],"line":32},"2":{"loc":{"start":{"line":43,"column":6},"end":{"line":48,"column":7}},"type":"if","locations":[{"start":{"line":43,"column":6},"end":{"line":48,"column":7}},{"start":{"line":43,"column":6},"end":{"line":48,"column":7}}],"line":43}},"s":{"0":2,"1":2,"2":4,"3":2,"4":4,"5":2,"6":4,"7":4,"8":4,"9":2,"10":2,"11":4,"12":2,"13":2,"14":4,"15":4,"16":4,"17":2,"18":2,"19":2,"20":4,"21":1},"f":{"0":2,"1":4,"2":4,"3":4,"4":2,"5":4,"6":4},"b":{"0":[2,2],"1":[2,2],"2":[2,2]},"_coverageSchema":"1a1c01bbd47fc00a2c39e90264f33305004495a9","hash":"aec40cc3bb3fba16cbce19f5e6bb4c8b2384701c"}
,"/home/ghofrandayyat/code-401/basic-api-server/src/routes/food.js": {"path":"/home/ghofrandayyat/code-401/basic-api-server/src/routes/food.js","statementMap":{"0":{"start":{"line":2,"column":14},"end":{"line":2,"column":32}},"1":{"start":{"line":4,"column":15},"end":{"line":4,"column":31}},"2":{"start":{"line":5,"column":15},"end":{"line":5,"column":49}},"3":{"start":{"line":6,"column":0},"end":{"line":6,"column":19}},"4":{"start":{"line":8,"column":14},"end":{"line":8,"column":39}},"5":{"start":{"line":9,"column":12},"end":{"line":9,"column":30}},"6":{"start":{"line":10,"column":15},"end":{"line":10,"column":36}},"7":{"start":{"line":15,"column":2},"end":{"line":15,"column":42}},"8":{"start":{"line":16,"column":2},"end":{"line":21,"column":3}},"9":{"start":{"line":17,"column":4},"end":{"line":17,"column":20}},"10":{"start":{"line":19,"column":4},"end":{"line":19,"column":23}},"11":{"start":{"line":22,"column":2},"end":{"line":22,"column":9}},"12":{"start":{"line":27,"column":0},"end":{"line":27,"column":24}},"13":{"start":{"line":28,"column":0},"end":{"line":28,"column":30}},"14":{"start":{"line":29,"column":0},"end":{"line":29,"column":27}},"15":{"start":{"line":30,"column":0},"end":{"line":30,"column":29}},"16":{"start":{"line":31,"column":0},"end":{"line":31,"column":32}},"17":{"start":{"line":33,"column":0},"end":{"line":33,"column":30}},"18":{"start":{"line":37,"column":16},"end":{"line":37,"column":31}},"19":{"start":{"line":38,"column":2},"end":{"line":38,"column":33}},"20":{"start":{"line":46,"column":11},"end":{"line":46,"column":24}},"21":{"start":{"line":47,"column":16},"end":{"line":47,"column":33}},"22":{"start":{"line":48,"column":2},"end":{"line":48,"column":32}},"23":{"start":{"line":53,"column":12},"end":{"line":53,"column":20}},"24":{"start":{"line":54,"column":17},"end":{"line":54,"column":38}},"25":{"start":{"line":55,"column":2},"end":{"line":55,"column":33}},"26":{"start":{"line":61,"column":11},"end":{"line":61,"column":36}},"27":{"start":{"line":62,"column":14},"end":{"line":62,"column":22}},"28":{"start":{"line":63,"column":18},"end":{"line":63,"column":42}},"29":{"start":{"line":64,"column":2},"end":{"line":64,"column":34}},"30":{"start":{"line":69,"column":11},"end":{"line":69,"column":36}},"31":{"start":{"line":70,"column":20},"end":{"line":70,"column":40}},"32":{"start":{"line":71,"column":11},"end":{"line":71,"column":71}},"33":{"start":{"line":72,"column":19},"end":{"line":72,"column":38}},"34":{"start":{"line":73,"column":2},"end":{"line":76,"column":5}},"35":{"start":{"line":81,"column":0},"end":{"line":84,"column":3}}},"fnMap":{"0":{"name":"checkingEndPoint","decl":{"start":{"line":14,"column":9},"end":{"line":14,"column":25}},"loc":{"start":{"line":14,"column":41},"end":{"line":23,"column":1}},"line":14},"1":{"name":"getFood","decl":{"start":{"line":35,"column":9},"end":{"line":35,"column":16}},"loc":{"start":{"line":35,"column":26},"end":{"line":40,"column":1}},"line":35},"2":{"name":"getOneMeal","decl":{"start":{"line":43,"column":9},"end":{"line":43,"column":19}},"loc":{"start":{"line":43,"column":28},"end":{"line":49,"column":1}},"line":43},"3":{"name":"creatMeal","decl":{"start":{"line":52,"column":9},"end":{"line":52,"column":18}},"loc":{"start":{"line":52,"column":27},"end":{"line":57,"column":1}},"line":52},"4":{"name":"updatFood","decl":{"start":{"line":60,"column":9},"end":{"line":60,"column":18}},"loc":{"start":{"line":60,"column":27},"end":{"line":66,"column":1}},"line":60},"5":{"name":"deletFood","decl":{"start":{"line":68,"column":9},"end":{"line":68,"column":18}},"loc":{"start":{"line":68,"column":27},"end":{"line":78,"column":1}},"line":68}},"branchMap":{"0":{"loc":{"start":{"line":16,"column":2},"end":{"line":21,"column":3}},"type":"if","locations":[{"start":{"line":16,"column":2},"end":{"line":21,"column":3}},{"start":{"line":16,"column":2},"end":{"line":21,"column":3}}],"line":16},"1":{"loc":{"start":{"line":71,"column":11},"end":{"line":71,"column":71}},"type":"cond-expr","locations":[{"start":{"line":71,"column":23},"end":{"line":71,"column":41}},{"start":{"line":71,"column":42},"end":{"line":71,"column":71}}],"line":71},"2":{"loc":{"start":{"line":72,"column":19},"end":{"line":72,"column":38}},"type":"cond-expr","locations":[{"start":{"line":72,"column":31},"end":{"line":72,"column":34}},{"start":{"line":72,"column":35},"end":{"line":72,"column":38}}],"line":72}},"s":{"0":1,"1":1,"2":1,"3":1,"4":1,"5":1,"6":1,"7":14,"8":14,"9":3,"10":11,"11":14,"12":1,"13":1,"14":1,"15":1,"16":1,"17":1,"18":2,"19":2,"20":2,"21":2,"22":2,"23":4,"24":4,"25":4,"26":2,"27":2,"28":2,"29":2,"30":4,"31":4,"32":4,"33":4,"34":4,"35":1},"f":{"0":14,"1":2,"2":2,"3":4,"4":2,"5":4},"b":{"0":[3,11],"1":[2,2],"2":[2,2]},"_coverageSchema":"1a1c01bbd47fc00a2c39e90264f33305004495a9","hash":"0e2396a5cda75a6ace8d394a633c4f213c9b0354"}
}
