TN:
SF:src/server.js
FN:25,start
FN:27,(anonymous_1)
FNF:2
FNH:0
FNDA:0,start
FNDA:0,(anonymous_1)
DA:2,2
DA:4,2
DA:5,2
DA:6,2
DA:10,2
DA:11,2
DA:12,2
DA:13,2
DA:21,2
DA:22,2
DA:27,0
DA:32,2
LF:12
LH:11
BRF:0
BRH:0
end_of_record
TN:
SF:src/error-handlers/404.js
FN:2,notFounErrorHandler
FNF:1
FNH:1
FNDA:2,notFounErrorHandler
DA:3,2
DA:8,2
LF:2
LH:2
BRF:0
BRH:0
end_of_record
TN:
SF:src/error-handlers/500.js
FN:4,errorHandler
FNF:1
FNH:0
FNDA:0,errorHandler
DA:5,0
DA:12,2
LF:2
LH:1
BRF:0
BRH:0
end_of_record
TN:
SF:src/middleware/logger.js
FN:3,(anonymous_0)
FNF:1
FNH:1
FNDA:6,(anonymous_0)
DA:3,2
DA:4,6
DA:5,6
LF:3
LH:3
BRF:0
BRH:0
end_of_record
TN:
SF:src/middleware/validator.js
FNF:0
FNH:0
LF:0
LH:0
BRF:0
BRH:0
end_of_record
TN:
SF:src/models/food.js
FN:4,(anonymous_0)
FN:8,(anonymous_1)
FN:10,(anonymous_2)
FN:18,(anonymous_3)
FN:29,(anonymous_4)
FN:39,(anonymous_5)
FN:41,(anonymous_6)
FNF:7
FNH:4
FNDA:2,(anonymous_0)
FNDA:1,(anonymous_1)
FNDA:0,(anonymous_2)
FNDA:1,(anonymous_3)
FNDA:1,(anonymous_4)
FNDA:0,(anonymous_5)
FNDA:0,(anonymous_6)
DA:5,2
DA:6,2
DA:9,1
DA:10,0
DA:12,1
DA:19,1
DA:23,1
DA:24,1
DA:30,1
DA:31,1
DA:32,0
DA:33,0
DA:40,0
DA:41,0
DA:42,0
DA:43,0
DA:45,0
DA:46,0
DA:49,0
DA:54,2
LF:20
LH:10
BRDA:9,0,0,0
BRDA:9,0,1,1
BRDA:31,1,0,0
BRDA:31,1,1,1
BRDA:42,2,0,0
BRDA:42,2,1,0
BRF:6
BRH:2
end_of_record
TN:
SF:src/routes/food.js
FN:24,getFood
FN:31,getOneMeal
FN:39,creatMeal
FN:46,updatFood
FN:54,deletFood
FNF:5
FNH:3
FNDA:1,getFood
FNDA:0,getOneMeal
FNDA:1,creatMeal
FNDA:1,updatFood
FNDA:0,deletFood
DA:2,2
DA:4,2
DA:6,2
DA:7,2
DA:10,2
DA:13,2
DA:14,2
DA:18,2
DA:19,2
DA:20,2
DA:21,2
DA:22,2
DA:26,1
DA:27,1
DA:33,0
DA:34,0
DA:35,0
DA:40,1
DA:41,1
DA:42,1
DA:47,1
DA:48,1
DA:49,1
DA:50,1
DA:55,0
DA:56,0
DA:57,0
DA:59,0
DA:67,2
LF:29
LH:22
BRDA:57,0,0,0
BRDA:57,0,1,0
BRF:2
BRH:0
end_of_record
