TN:
SF:src/server.js
FN:30,start
FN:32,(anonymous_1)
FNF:2
FNH:0
FNDA:0,start
FNDA:0,(anonymous_1)
DA:2,1
DA:4,1
DA:5,1
DA:7,1
DA:8,1
DA:9,1
DA:12,1
DA:13,1
DA:14,1
DA:19,1
DA:20,1
DA:21,1
DA:26,1
DA:27,1
DA:32,0
DA:37,1
LF:16
LH:15
BRF:0
BRH:0
end_of_record
TN:
SF:src/error-handlers/404.js
FN:2,notFounErrorHandler
FNF:1
FNH:0
FNDA:0,notFounErrorHandler
DA:3,0
DA:8,1
LF:2
LH:1
BRF:0
BRH:0
end_of_record
TN:
SF:src/error-handlers/500.js
FN:4,errorHandler
FNF:1
FNH:0
FNDA:0,errorHandler
DA:5,0
DA:12,1
LF:2
LH:1
BRF:0
BRH:0
end_of_record
TN:
SF:src/middleware/logger.js
FN:3,(anonymous_0)
FNF:1
FNH:1
FNDA:11,(anonymous_0)
DA:3,1
DA:4,11
DA:5,11
LF:3
LH:3
BRF:0
BRH:0
end_of_record
TN:
SF:src/models/food.js
FN:4,(anonymous_0)
FN:8,(anonymous_1)
FN:12,(anonymous_2)
FN:20,(anonymous_3)
FN:32,(anonymous_4)
FN:42,(anonymous_5)
FN:44,(anonymous_6)
FNF:7
FNH:7
FNDA:2,(anonymous_0)
FNDA:4,(anonymous_1)
FNDA:4,(anonymous_2)
FNDA:4,(anonymous_3)
FNDA:2,(anonymous_4)
FNDA:1,(anonymous_5)
FNDA:2,(anonymous_6)
DA:5,2
DA:6,2
DA:9,4
DA:11,2
DA:12,4
DA:14,2
DA:21,4
DA:25,4
DA:26,4
DA:27,4
DA:33,2
DA:34,2
DA:35,2
DA:36,2
DA:43,1
DA:44,1
DA:45,2
DA:46,1
DA:48,1
DA:49,1
DA:52,1
DA:59,1
LF:22
LH:22
BRDA:9,0,0,2
BRDA:9,0,1,2
BRDA:34,1,0,2
BRDA:34,1,1,0
BRDA:45,2,0,1
BRDA:45,2,1,1
BRF:6
BRH:5
end_of_record
TN:
SF:src/routes/food.js
FN:14,checkingEndPoint
FN:35,getFood
FN:44,getOneMeal
FN:53,creatMeal
FN:61,updatFood
FN:69,deletFood
FNF:6
FNH:6
FNDA:11,checkingEndPoint
FNDA:2,getFood
FNDA:2,getOneMeal
FNDA:4,creatMeal
FNDA:2,updatFood
FNDA:1,deletFood
DA:2,1
DA:4,1
DA:5,1
DA:6,1
DA:8,1
DA:9,1
DA:10,1
DA:15,11
DA:16,11
DA:17,3
DA:19,8
DA:22,11
DA:27,1
DA:28,1
DA:29,1
DA:30,1
DA:31,1
DA:33,1
DA:37,2
DA:38,2
DA:39,2
DA:47,2
DA:48,2
DA:49,2
DA:54,4
DA:55,4
DA:56,4
DA:62,2
DA:63,2
DA:64,2
DA:65,2
DA:70,1
DA:71,1
DA:72,1
DA:73,1
DA:74,1
DA:82,1
LF:37
LH:37
BRDA:16,0,0,3
BRDA:16,0,1,8
BRDA:72,1,0,1
BRDA:72,1,1,0
BRDA:73,2,0,1
BRDA:73,2,1,0
BRF:6
BRH:4
end_of_record
